Fri Aug 19 23:28:59 2016 :: ===================NEW LOG===================
Fri Aug 19 23:29:58 2016 :: ===================END LOG===================
Fri Aug 19 23:46:07 2016 :: ===================NEW LOG===================
Fri Aug 19 23:46:51 2016 :: ===================END LOG===================
Fri Aug 19 23:47:14 2016 :: ===================NEW LOG===================
Fri Aug 19 23:47:51 2016 :: ===================END LOG===================
Fri Aug 19 23:47:54 2016 :: ===================NEW LOG===================
Fri Aug 19 23:48:37 2016 :: ===================END LOG===================
Sat Aug 20 00:11:36 2016 :: ===================NEW LOG===================
Sat Aug 20 00:12:29 2016 :: ===================END LOG===================
Sat Aug 20 00:15:19 2016 :: ===================NEW LOG===================
Sat Aug 20 00:16:19 2016 :: ===================END LOG===================
Sat Aug 20 00:16:30 2016 :: ===================NEW LOG===================
Sat Aug 20 00:16:42 2016 :: ===================END LOG===================
Sat Aug 20 00:17:12 2016 :: ===================NEW LOG===================
Sat Aug 20 00:17:53 2016 :: ===================END LOG===================
Sat Aug 20 00:17:56 2016 :: ===================NEW LOG===================
Sat Aug 20 00:18:50 2016 :: ===================END LOG===================
Sat Aug 20 00:20:24 2016 :: ===================NEW LOG===================
Sat Aug 20 00:22:19 2016 :: ===================END LOG===================
Sat Aug 20 00:22:22 2016 :: ===================NEW LOG===================
Sat Aug 20 00:23:18 2016 :: ===================END LOG===================
Sat Aug 20 00:32:48 2016 :: ===================NEW LOG===================
Sat Aug 20 00:33:03 2016 :: ===================END LOG===================
Sat Aug 20 00:33:13 2016 :: ===================NEW LOG===================
Sat Aug 20 00:33:27 2016 :: ===================END LOG===================
Sat Aug 20 00:33:40 2016 :: ===================NEW LOG===================
Sat Aug 20 00:33:55 2016 :: ===================END LOG===================
Sat Aug 20 01:44:23 2016 :: ===================NEW LOG===================
Sat Aug 20 01:44:36 2016 :: ===================END LOG===================
Sat Aug 20 01:48:46 2016 :: ===================NEW LOG===================
Sat Aug 20 01:48:54 2016 :: ===================END LOG===================
Sat Aug 20 01:48:57 2016 :: ===================NEW LOG===================
Sat Aug 20 01:49:10 2016 :: ===================END LOG===================
Sat Aug 20 01:53:42 2016 :: ===================NEW LOG===================
Sat Aug 20 01:54:59 2016 :: ===================END LOG===================
Sat Aug 20 02:05:13 2016 :: ===================NEW LOG===================
Sat Aug 20 02:06:43 2016 :: ===================END LOG===================
Sat Aug 20 16:12:16 2016 :: ===================NEW LOG===================
Sat Aug 20 16:13:05 2016 :: ===================END LOG===================
Sat Aug 20 17:58:41 2016 :: ===================NEW LOG===================
Sat Aug 20 17:59:10 2016 :: ===================END LOG===================
Mon Aug 22 11:11:29 2016 :: ===================NEW LOG===================
Mon Aug 22 11:11:44 2016 :: ===================END LOG===================
Mon Aug 22 11:11:57 2016 :: ===================NEW LOG===================
Mon Aug 22 11:12:20 2016 :: ===================END LOG===================
Mon Aug 22 11:12:52 2016 :: ===================NEW LOG===================
Mon Aug 22 11:13:01 2016 :: ===================END LOG===================
Mon Aug 22 11:13:26 2016 :: ===================NEW LOG===================
Mon Aug 22 11:13:33 2016 :: ===================END LOG===================
Mon Aug 22 11:25:17 2016 :: ===================NEW LOG===================
Mon Aug 22 11:25:37 2016 :: ===================END LOG===================
Mon Aug 22 11:26:33 2016 :: ===================NEW LOG===================
Mon Aug 22 11:26:56 2016 :: ===================END LOG===================
Mon Aug 22 11:53:44 2016 :: ===================NEW LOG===================
Mon Aug 22 11:53:54 2016 :: ===================END LOG===================
Mon Aug 22 11:54:57 2016 :: ===================NEW LOG===================
Mon Aug 22 11:55:53 2016 :: ===================END LOG===================
Mon Aug 22 11:56:05 2016 :: ===================NEW LOG===================
Mon Aug 22 11:56:30 2016 :: ===================END LOG===================
Mon Aug 22 11:56:43 2016 :: ===================NEW LOG===================
Mon Aug 22 11:57:03 2016 :: ===================END LOG===================
Mon Aug 22 13:23:42 2016 :: ===================NEW LOG===================
Mon Aug 22 13:24:11 2016 :: ===================END LOG===================
Mon Aug 22 13:25:08 2016 :: ===================NEW LOG===================
Mon Aug 22 13:25:15 2016 :: ===================NEW LOG===================
Mon Aug 22 13:25:18 2016 :: ===================NEW LOG===================
Mon Aug 22 13:25:19 2016 :: ===================NEW LOG===================
Mon Aug 22 13:25:20 2016 :: ===================NEW LOG===================
Mon Aug 22 13:25:23 2016 :: ===================NEW LOG===================
Mon Aug 22 13:25:23 2016 :: ===================NEW LOG===================
Mon Aug 22 13:25:24 2016 :: ===================NEW LOG===================
Mon Aug 22 13:25:25 2016 :: ===================NEW LOG===================
Mon Aug 22 13:25:25 2016 :: ===================NEW LOG===================
Mon Aug 22 13:25:25 2016 :: ===================NEW LOG===================
Mon Aug 22 13:25:26 2016 :: ===================NEW LOG===================
Mon Aug 22 13:25:27 2016 :: ===================NEW LOG===================
Mon Aug 22 13:25:28 2016 :: ===================NEW LOG===================
Mon Aug 22 13:25:34 2016 :: ===================NEW LOG===================
Mon Aug 22 13:25:37 2016 :: ===================END LOG===================
Mon Aug 22 14:03:49 2016 :: ===================NEW LOG===================
Mon Aug 22 14:04:02 2016 :: ===================END LOG===================
Mon Aug 22 14:04:32 2016 :: ===================NEW LOG===================
Mon Aug 22 14:05:07 2016 :: ===================END LOG===================
Mon Aug 22 14:23:51 2016 :: ===================NEW LOG===================
Mon Aug 22 14:24:05 2016 :: ===================END LOG===================
Mon Aug 22 14:24:55 2016 :: ===================NEW LOG===================
Mon Aug 22 14:26:55 2016 :: ===================END LOG===================
Mon Aug 22 14:27:16 2016 :: ===================NEW LOG===================
Mon Aug 22 14:28:09 2016 :: ===================END LOG===================
Mon Aug 22 16:16:14 2016 :: ===================NEW LOG===================
Mon Aug 22 16:16:28 2016 :: ===================END LOG===================
Mon Aug 22 17:00:02 2016 :: ===================NEW LOG===================
Mon Aug 22 17:00:30 2016 :: ===================END LOG===================
Mon Aug 22 17:00:54 2016 :: ===================NEW LOG===================
Mon Aug 22 17:03:30 2016 :: ===================END LOG===================
Mon Aug 22 17:33:10 2016 :: ===================NEW LOG===================
Mon Aug 22 17:34:24 2016 :: ===================END LOG===================
Mon Aug 22 17:35:34 2016 :: ===================NEW LOG===================
Mon Aug 22 17:37:34 2016 :: ===================END LOG===================
Mon Aug 22 17:37:37 2016 :: ===================NEW LOG===================
Mon Aug 22 17:38:49 2016 :: ===================END LOG===================
Mon Aug 22 17:38:54 2016 :: ===================NEW LOG===================
Mon Aug 22 17:44:28 2016 :: ===================END LOG===================
Mon Aug 22 18:16:53 2016 :: ===================NEW LOG===================
Mon Aug 22 18:18:15 2016 :: ===================END LOG===================
Mon Aug 22 18:20:45 2016 :: ===================NEW LOG===================
Mon Aug 22 18:21:44 2016 :: ===================END LOG===================
Mon Aug 22 18:22:03 2016 :: ===================NEW LOG===================
Mon Aug 22 18:22:38 2016 :: ===================END LOG===================
Mon Aug 22 18:37:02 2016 :: ===================NEW LOG===================
Mon Aug 22 18:37:19 2016 :: ===================END LOG===================
Mon Aug 22 18:37:35 2016 :: ===================NEW LOG===================
Mon Aug 22 18:38:49 2016 :: ===================END LOG===================
Mon Aug 22 18:40:32 2016 :: ===================NEW LOG===================
Mon Aug 22 18:41:26 2016 :: ===================END LOG===================
Mon Aug 22 18:51:41 2016 :: ===================NEW LOG===================
Mon Aug 22 18:53:39 2016 :: ===================END LOG===================
Mon Aug 22 18:59:14 2016 :: ===================NEW LOG===================
Mon Aug 22 19:00:03 2016 :: ===================END LOG===================
Mon Aug 22 19:13:06 2016 :: ===================NEW LOG===================
Mon Aug 22 19:13:13 2016 :: ===================END LOG===================
Mon Aug 22 19:24:00 2016 :: ===================NEW LOG===================
Mon Aug 22 19:24:18 2016 :: ===================END LOG===================
Mon Aug 22 20:19:08 2016 :: ===================NEW LOG===================
Mon Aug 22 20:19:44 2016 :: ===================END LOG===================
Mon Aug 29 19:41:58 2016 :: ===================NEW LOG===================
Mon Aug 29 19:42:09 2016 :: ===================END LOG===================
Mon Aug 29 19:42:28 2016 :: ===================NEW LOG===================
Mon Aug 29 19:42:36 2016 :: ===================END LOG===================
Mon Aug 29 19:45:18 2016 :: ===================NEW LOG===================
Mon Aug 29 19:45:20 2016 :: ===================END LOG===================
